\BOOKMARK [-1][]{chapter*.1}{Session 2016}{}% 1
\BOOKMARK [0][]{part*.2}{ECRICOME}{chapter*.1}% 2
\BOOKMARK [0][]{Item.313}{EDHEC}{chapter*.1}% 3
\BOOKMARK [0][]{Item.676}{EML}{chapter*.1}% 4
\BOOKMARK [0][]{Item.955}{ESSEC I}{chapter*.1}% 5
\BOOKMARK [0][]{Item.1275}{ESSEC II}{chapter*.1}% 6
\BOOKMARK [0][]{Item.1619}{HEC}{chapter*.1}% 7
\BOOKMARK [-1][]{Item.1895}{Session 2017}{}% 8
\BOOKMARK [0][]{part*.15}{ECRICOME}{Item.1895}% 9
\BOOKMARK [0][]{Item.2200}{EDHEC}{Item.1895}% 10
\BOOKMARK [0][]{Item.2581}{EML}{Item.1895}% 11
\BOOKMARK [0][]{Item.2928}{ESSEC I}{Item.1895}% 12
\BOOKMARK [0][]{Item.3207}{ESSEC II}{Item.1895}% 13
\BOOKMARK [0][]{Item.3487}{HEC}{Item.1895}% 14
\BOOKMARK [-1][]{Item.3810}{Session 2018}{}% 15
\BOOKMARK [0][]{part*.28}{ECRICOME}{Item.3810}% 16
\BOOKMARK [0][]{Item.4160}{EDHEC}{Item.3810}% 17
\BOOKMARK [0][]{Item.4539}{EML}{Item.3810}% 18
\BOOKMARK [0][]{Item.4913}{ESSEC I}{Item.3810}% 19
\BOOKMARK [0][]{Item.5298}{ESSEC II}{Item.3810}% 20
\BOOKMARK [0][]{Item.5591}{HEC}{Item.3810}% 21
